<?xml version="1.0" encoding="UTF-8"?>
<testsuite xmlns:xsi="http://www.w3.org/2001/XMLSchema-instance" xsi:noNamespaceSchemaLocation="https://maven.apache.org/surefire/maven-surefire-plugin/xsd/surefire-test-report.xsd" name="Domain.DiseaseTest" time="0.005" tests="6" errors="5" skipped="0" failures="1">
  <properties>
[...]
</properties>
  <testcase name="testGetMedicines" classname="Domain.DiseaseTest" time="0">
    <error message="Index 1 out of bounds for length 1" type="java.lang.ArrayIndexOutOfBoundsException">java.lang.ArrayIndexOutOfBoundsException: Index 1 out of bounds for length 1
	at Domain.DiseaseTest.testGetMedicines(DiseaseTest.java:58)
</error>
    <system-out><![CDATA[@BeforeClass
@Before -> How many times do i appear?
@After -> How many times do i appear?
]]></system-out>
  </testcase>
  <testcase name="testIsPossibleConfinement" classname="Domain.DiseaseTest" time="0.001">
    <error message="not yet implemented" type="java.lang.RuntimeException">java.lang.RuntimeException: not yet implemented
	at Domain.DiseaseTest.testIsPossibleConfinement(DiseaseTest.java:63)
</error>
    <system-out><![CDATA[@Before -> How many times do i appear?
@After -> How many times do i appear?
]]></system-out>
  </testcase>
  <testcase name="testGetSymptoms" classname="Domain.DiseaseTest" time="0.001">
    <error message="Index 1 out of bounds for length 1" type="java.lang.ArrayIndexOutOfBoundsException">java.lang.ArrayIndexOutOfBoundsException: Index 1 out of bounds for length 1
	at Domain.DiseaseTest.testGetSymptoms(DiseaseTest.java:44)
</error>
    <system-out><![CDATA[@Before -> How many times do i appear?
@After -> How many times do i appear?
]]></system-out>
  </testcase>
  <testcase name="testSetPossibleConfinement" classname="Domain.DiseaseTest" time="0">
    <error message="not yet implemented" type="java.lang.RuntimeException">java.lang.RuntimeException: not yet implemented
	at Domain.DiseaseTest.testSetPossibleConfinement(DiseaseTest.java:68)
</error>
    <system-out><![CDATA[@Before -> How many times do i appear?
@After -> How many times do i appear?
]]></system-out>
  </testcase>
  <testcase name="testGetDiseaseName" classname="Domain.DiseaseTest" time="0">
    <failure message="expected:&lt;Ismale&gt; but was:&lt;null&gt;" type="java.lang.AssertionError"><![CDATA[java.lang.AssertionError: expected:<Ismale> but was:<null>
	at Domain.DiseaseTest.testGetDiseaseName(DiseaseTest.java:37)
]]></failure>
    <system-out><![CDATA[@Before -> How many times do i appear?
@After -> How many times do i appear?
]]></system-out>
  </testcase>
  <testcase name="testGetSeasonality" classname="Domain.DiseaseTest" time="0">
    <error message="Index 1 out of bounds for length 1" type="java.lang.ArrayIndexOutOfBoundsException">java.lang.ArrayIndexOutOfBoundsException: Index 1 out of bounds for length 1
	at Domain.DiseaseTest.testGetSeasonality(DiseaseTest.java:51)
</error>
    <system-out><![CDATA[@Before -> How many times do i appear?
@After -> How many times do i appear?
]]></system-out>
  </testcase>
</testsuite>