<?xml version="1.0" encoding="UTF-8"?>
<testsuite xmlns:xsi="http://www.w3.org/2001/XMLSchema-instance" xsi:noNamespaceSchemaLocation="https://maven.apache.org/surefire/maven-surefire-plugin/xsd/surefire-test-report.xsd" name="Domain.PersonTest" time="0.004" tests="3" errors="0" skipped="0" failures="3">
  <properties>
[...]
</properties>
  <testcase name="testGetState" classname="Domain.PersonTest" time="0.001">
    <failure message="expected:&lt;Infected&gt; but was:&lt;null&gt;" type="java.lang.AssertionError"><![CDATA[java.lang.AssertionError: expected:<Infected> but was:<null>
	at Domain.PersonTest.testGetState(PersonTest.java:51)
]]></failure>
    <system-out><![CDATA[@BeforeClass
@Before -> How many times do i appear?
@After -> How many times do i appear?
]]></system-out>
  </testcase>
  <testcase name="testGetSurname" classname="Domain.PersonTest" time="0.001">
    <failure message="expected:&lt;Caballero Munioz-Reja&gt; but was:&lt;null&gt;" type="java.lang.AssertionError"><![CDATA[java.lang.AssertionError: expected:<Caballero Munioz-Reja> but was:<null>
	at Domain.PersonTest.testGetSurname(PersonTest.java:44)
]]></failure>
    <system-out><![CDATA[@Before -> How many times do i appear?
@After -> How many times do i appear?
]]></system-out>
  </testcase>
  <testcase name="testGetName" classname="Domain.PersonTest" time="0.001">
    <failure message="expected:&lt;Ismael&gt; but was:&lt;null&gt;" type="java.lang.AssertionError"><![CDATA[java.lang.AssertionError: expected:<Ismael> but was:<null>
	at Domain.PersonTest.testGetName(PersonTest.java:37)
]]></failure>
    <system-out><![CDATA[@Before -> How many times do i appear?
@After -> How many times do i appear?
]]></system-out>
  </testcase>
</testsuite>